2024-01-20 22:00:48 0 [Note] Starting MariaDB 10.4.32-MariaDB source revision c4143f909528e3fab0677a28631d10389354c491 as process 16248
2024-01-20 22:00:48 0 [Note] InnoDB: Mutexes and rw_locks use Windows interlocked functions
2024-01-20 22:00:48 0 [Note] InnoDB: Uses event mutexes
2024-01-20 22:00:48 0 [Note] InnoDB: Compressed tables use zlib 1.3
2024-01-20 22:00:48 0 [Note] InnoDB: Number of pools: 1
2024-01-20 22:00:48 0 [Note] InnoDB: Using SSE2 crc32 instructions
2024-01-20 22:00:48 0 [Note] InnoDB: Initializing buffer pool, total size = 16M, instances = 1, chunk size = 16M
2024-01-20 22:00:48 0 [Note] InnoDB: Completed initialization of buffer pool
2024-01-20 22:00:48 0 [Note] InnoDB: Starting crash recovery from checkpoint LSN=300288
2024-01-20 22:00:48 0 [Note] InnoDB: 128 out of 128 rollback segments are active.
2024-01-20 22:00:48 0 [Note] InnoDB: Removed temporary tablespace data file: "ibtmp1"
2024-01-20 22:00:48 0 [Note] InnoDB: Creating shared tablespace for temporary tables
2024-01-20 22:00:48 0 [Note] InnoDB: Setting file 'C:\xampp\mysql\data\ibtmp1' size to 12 MB. Physically writing the file full; Please wait ...
2024-01-20 22:00:48 0 [Note] InnoDB: File 'C:\xampp\mysql\data\ibtmp1' size is now 12 MB.
2024-01-20 22:00:48 0 [Note] InnoDB: Waiting for purge to start
2024-01-20 22:00:48 0 [Note] InnoDB: 10.4.32 started; log sequence number 300297; transaction id 170
2024-01-20 22:00:48 0 [Note] InnoDB: Loading buffer pool(s) from C:\xampp\mysql\data\ib_buffer_pool
2024-01-20 22:00:48 0 [Note] Plugin 'FEEDBACK' is disabled.
2024-01-20 22:00:48 0 [Note] InnoDB: Buffer pool(s) load completed at 240120 22:00:48
2024-01-20 22:00:49 0 [Note] Server socket created on IP: '::'.
2024-01-26 17:56:36 0 [Note] Starting MariaDB 10.4.32-MariaDB source revision c4143f909528e3fab0677a28631d10389354c491 as process 9336
2024-01-26 17:56:36 0 [Note] InnoDB: Mutexes and rw_locks use Windows interlocked functions
2024-01-26 17:56:36 0 [Note] InnoDB: Uses event mutexes
2024-01-26 17:56:36 0 [Note] InnoDB: Compressed tables use zlib 1.3
2024-01-26 17:56:36 0 [Note] InnoDB: Number of pools: 1
2024-01-26 17:56:36 0 [Note] InnoDB: Using SSE2 crc32 instructions
2024-01-26 17:56:36 0 [Note] InnoDB: Initializing buffer pool, total size = 16M, instances = 1, chunk size = 16M
2024-01-26 17:56:36 0 [Note] InnoDB: Completed initialization of buffer pool
2024-01-26 17:56:37 0 [Note] InnoDB: Starting crash recovery from checkpoint LSN=300306
2024-01-26 17:56:37 0 [Note] InnoDB: 128 out of 128 rollback segments are active.
2024-01-26 17:56:37 0 [Note] InnoDB: Removed temporary tablespace data file: "ibtmp1"
2024-01-26 17:56:37 0 [Note] InnoDB: Creating shared tablespace for temporary tables
2024-01-26 17:56:37 0 [Note] InnoDB: Setting file 'C:\xampp\mysql\data\ibtmp1' size to 12 MB. Physically writing the file full; Please wait ...
2024-01-26 17:56:37 0 [Note] InnoDB: File 'C:\xampp\mysql\data\ibtmp1' size is now 12 MB.
2024-01-26 17:56:37 0 [Note] InnoDB: 10.4.32 started; log sequence number 300315; transaction id 170
2024-01-26 17:56:37 0 [Note] InnoDB: Loading buffer pool(s) from C:\xampp\mysql\data\ib_buffer_pool
2024-01-26 17:56:37 0 [Note] Plugin 'FEEDBACK' is disabled.
2024-01-26 17:56:37 0 [Note] Server socket created on IP: '::'.
2024-01-26 17:56:37 0 [Note] Inn2024-01-26 18:26:04 0 [Note] Starting MariaDB 10.4.32-MariaDB source revision c4143f909528e3fab0677a28631d10389354c491 as process 18192
2024-01-26 18:26:04 0 [Note] InnoDB: Mutexes and rw_locks use Windows interlocked functions
2024-01-26 18:26:04 0 [Note] InnoDB: Uses event mutexes
2024-01-26 18:26:04 0 [Note] InnoDB: Compressed tables use zlib 1.3
2024-01-26 18:26:04 0 [Note] InnoDB: Number of pools: 1
2024-01-26 18:26:04 0 [Note] InnoDB: Using SSE2 crc32 instructions
2024-01-26 18:26:04 0 [Note] InnoDB: Initializing buffer pool, total size = 16M, instances = 1, chunk size = 16M
2024-01-26 18:26:04 0 [Note] InnoDB: Completed initialization of buffer pool
2024-01-26 18:26:04 0 [Note] InnoDB: Starting crash recovery from checkpoint LSN=300324
2024-01-26 18:26:04 0 [Note] InnoDB: 128 out of 128 rollback segments are active.
2024-01-26 18:26:04 0 [Note] InnoDB: Removed temporary tablespace data file: "ibtmp1"
2024-01-26 18:26:04 0 [Note] InnoDB: Creating shared tablespace for temporary tables
2024-01-26 18:26:04 0 [Note] InnoDB: Setting file 'C:\xampp\mysql\data\ibtmp1' size to 12 MB. Physically writing the file full; Please wait ...
2024-01-26 18:26:04 0 [Note] InnoDB: File 'C:\xampp\mysql\data\ibtmp1' size is now 12 MB.
2024-01-26 18:26:04 0 [Note] InnoDB: Waiting for purge to start
2024-01-26 18:26:04 0 [Note] InnoDB: 10.4.32 started; log sequence number 300333; transaction id 170
2024-01-26 18:26:04 0 [Note] InnoDB: Loading buffer pool(s) from C:\xampp\mysql\data\ib_buffer_pool
2024-01-26 18:26:04 0 [Note] Plugin 'FEEDBACK' is disabled.
2024-01-26 18:26:04 0 [Note] InnoDB: Buffer pool(s) load completed at 240126 18:26:04
2024-01-26 18:26:04 0 [Note] Server socket created on IP: '::'.
2024-01-26 23:59:39 0 [Note] Starting MariaDB 10.4.32-MariaDB source revision c4143f909528e3fab0677a28631d10389354c491 as process 19944
2024-01-26 23:59:39 0 [Note] InnoDB: Mutexes and rw_locks use Windows interlocked functions
2024-01-26 23:59:39 0 [Note] InnoDB: Uses event mutexes
2024-01-26 23:59:39 0 [Note] InnoDB: Compressed tables use zlib 1.3
2024-01-26 23:59:39 0 [Note] InnoDB: Number of pools: 1
2024-01-26 23:59:39 0 [Note] InnoDB: Using SSE2 crc32 instructions
2024-01-26 23:59:39 0 [Note] InnoDB: Initializing buffer pool, total size = 16M, instances = 1, chunk size = 16M
2024-01-26 23:59:39 0 [Note] InnoDB: Completed initialization of buffer pool
2024-01-26 23:59:39 0 [Note] InnoDB: Starting crash recovery from checkpoint LSN=306810
2024-01-26 23:59:39 0 [Note] InnoDB: 128 out of 128 rollback segments are active.
2024-01-26 23:59:39 0 [Note] InnoDB: Removed temporary tablespace data file: "ibtmp1"
2024-01-26 23:59:39 0 [Note] InnoDB: Creating shared tablespace for temporary tables
2024-01-26 23:59:39 0 [Note] InnoDB: Setting file 'C:\xampp\mysql\data\ibtmp1' size to 12 MB. Physically writing the file full; Please wait ...
2024-01-26 23:59:39 0 [Note] InnoDB: File 'C:\xampp\mysql\data\ibtmp1' size is now 12 MB.
2024-01-26 23:59:39 0 [Note] InnoDB: Waiting for purge to start
2024-01-26 23:59:39 0 [Note] InnoDB: 10.4.32 started; log sequence number 306819; transaction id 202
2024-01-26 23:59:39 0 [Note] InnoDB: Loading buffer pool(s) from C:\xampp\mysql\data\ib_buffer_pool
2024-01-26 23:59:39 0 [Note] Plugin 'FEEDBACK' is disabled.
2024-01-26 23:59:39 0 [Note] InnoDB: Buffer pool(s) load completed at 240126 23:59:39
2024-01-26 23:59:39 0 [Note] Server socket created on IP: '::'.
2024-01-29 15:24:18 0 [Note] Starting MariaDB 10.4.32-MariaDB source revision c4143f909528e3fab0677a28631d10389354c491 as process 12968
2024-01-29 15:24:18 0 [Note] InnoDB: Mutexes and rw_locks use Windows interlocked functions
2024-01-29 15:24:18 0 [Note] InnoDB: Uses event mutexes
2024-01-29 15:24:18 0 [Note] InnoDB: Compressed tables use zlib 1.3
2024-01-29 15:24:18 0 [Note] InnoDB: Number of pools: 1
2024-01-29 15:24:18 0 [Note] InnoDB: Using SSE2 crc32 instructions
2024-01-29 15:24:18 0 [Note] InnoDB: Initializing buffer pool, total size = 16M, instances = 1, chunk size = 16M
2024-01-29 15:24:18 0 [Note] InnoDB: Completed initialization of buffer pool
2024-01-29 15:24:18 0 [Note] InnoDB: Starting crash recovery from checkpoint LSN=314222
2024-01-29 15:24:18 0 [Note] InnoDB: 128 out of 128 rollback segments are active.
2024-01-29 15:24:18 0 [Note] InnoDB: Removed temporary tablespace data file: "ibtmp1"
2024-01-29 15:24:18 0 [Note] InnoDB: Creating shared tablespace for temporary tables
2024-01-29 15:24:18 0 [Note] InnoDB: Setting file 'C:\xampp\mysql\data\ibtmp1' size to 12 MB. Physically writing the file full; Please wait ...
2024-01-29 15:24:18 0 [Note] InnoDB: File 'C:\xampp\mysql\data\ibtmp1' size is now 12 MB.
2024-01-29 15:24:18 0 [Note] InnoDB: Waiting for purge to start
2024-01-29 15:24:18 0 [Note] InnoDB: 10.4.32 started; log sequence number 314231; transaction id 245
2024-01-29 15:24:18 0 [Note] Plugin 'FEEDBACK' is disabled.
2024-01-29 15:24:18 0 [Note] InnoDB: Loading buffer pool(s) from C:\xampp\mysql\data\ib_buffer_pool
2024-01-29 15:24:19 0 [Note] Server socket created on IP: '::'.
2024-02-14 23:06:42 0 [Note] Starting MariaDB 10.4.32-MariaDB source revision c4143f909528e3fab0677a28631d10389354c491 as process 13184
2024-02-14 23:06:42 0 [Note] InnoDB: Mutexes and rw_locks use Windows interlocked functions
2024-02-14 23:06:42 0 [Note] InnoDB: Uses event mutexes
2024-02-14 23:06:42 0 [Note] InnoDB: Compressed tables use zlib 1.3
2024-02-14 23:06:42 0 [Note] InnoDB: Number of pools: 1
2024-02-14 23:06:42 0 [Note] InnoDB: Using SSE2 crc32 instructions
2024-02-14 23:06:42 0 [Note] InnoDB: Initializing buffer pool, total size = 16M, instances = 1, chunk size = 16M
2024-02-14 23:06:42 0 [Note] InnoDB: Completed initialization of buffer pool
2024-02-14 23:06:42 0 [Note] InnoDB: Starting crash recovery from checkpoint LSN=317972
2024-02-14 23:06:43 0 [Note] InnoDB: 128 out of 128 rollback segments are active.
2024-02-14 23:06:43 0 [Note] InnoDB: Removed temporary tablespace data file: "ibtmp1"
2024-02-14 23:06:43 0 [Note] InnoDB: Creating shared tablespace for temporary tables
2024-02-14 23:06:43 0 [Note] InnoDB: Setting file 'C:\xampp\mysql\data\ibtmp1' size to 12 MB. Physically writing the file full; Please wait ...
2024-02-14 23:06:43 0 [Note] InnoDB: File 'C:\xampp\mysql\data\ibtmp1' size is now 12 MB.
2024-02-14 23:06:43 0 [Note] InnoDB: Waiting for purge to start
2024-02-14 23:06:43 0 [Note] InnoDB: 10.4.32 started; log sequence number 317981; transaction id 277
2024-02-14 23:06:43 0 [Note] InnoDB: Loading buffer pool(s) from C:\xampp\mysql\data\ib_buffer_pool
2024-02-14 23:06:43 0 [Note] Plugin 'FEEDBACK' is disabled.
2024-02-14 23:06:43 0 [Note] InnoDB: Buffer pool(s) load completed at 240214 23:06:43
2024-02-14 23:06:43 0 [Note] Server socket created on IP: '::'.
2024-02-15 10:17:55 0 [Note] Starting MariaDB 10.4.32-MariaDB source revision c4143f909528e3fab0677a28631d10389354c491 as process 21980
2024-02-15 10:17:55 0 [Note] InnoDB: Mutexes and rw_locks use Windows interlocked functions
2024-02-15 10:17:55 0 [Note] InnoDB: Uses event mutexes
2024-02-15 10:17:55 0 [Note] InnoDB: Compressed tables use zlib 1.3
2024-02-15 10:17:55 0 [Note] InnoDB: Number of pools: 1
2024-02-15 10:17:55 0 [Note] InnoDB: Using SSE2 crc32 instructions
2024-02-15 10:17:55 0 [Note] InnoDB: Initializing buffer pool, total size = 16M, instances = 1, chunk size = 16M
2024-02-15 10:17:55 0 [Note] InnoDB: Completed initialization of buffer pool
2024-02-15 10:17:55 0 [Note] InnoDB: Starting crash recovery from checkpoint LSN=323245
2024-02-15 10:17:55 0 [Note] InnoDB: 128 out of 128 rollback segments are active.
2024-02-15 10:17:55 0 [Note] InnoDB: Removed temporary tablespace data file: "ibtmp1"
2024-02-15 10:17:55 0 [Note] InnoDB: Creating shared tablespace for temporary tables
2024-02-15 10:17:55 0 [Note] InnoDB: Setting file 'C:\xampp\mysql\data\ibtmp1' size to 12 MB. Physically writing the file full; Please wait ...
2024-02-15 10:17:55 0 [Note] InnoDB: File 'C:\xampp\mysql\data\ibtmp1' size is now 12 MB.
2024-02-15 10:17:55 0 [Note] InnoDB: Waiting for purge to start
2024-02-15 10:17:55 0 [Note] InnoDB: 10.4.32 started; log sequence number 323254; transaction id 317
2024-02-15 10:17:55 0 [Note] InnoDB: Loading buffer pool(s) from C:\xampp\mysql\data\ib_buffer_pool
2024-02-15 10:17:55 0 [Note] InnoDB: Buffer pool(s) load completed at 240215 10:17:55
2024-02-15 10:17:55 0 [Note] Plugin 'FEEDBACK' is disabled.
2024-02-15 10:17:55 0 [Note] Starting MariaDB 10.4.32-MariaDB source revision c4143f909528e3fab0677a28631d10389354c491 as process 4092
2024-02-15 10:17:55 0 [Note] Server socket created on IP: '::'.
2024-02-15 10:17:55 0 [ERROR] InnoDB: The innodb_system data file 'ibdata1' must be writable
2024-02-15 10:17:55 0 [ERROR] InnoDB: The innodb_system data file 'ibdata1' must be writable
2024-02-15 10:17:55 0 [ERROR] Plugin 'InnoDB' registration as a STORAGE ENGINE failed.
2024-02-15 10:17:55 0 [Note] Plugin 'FEEDBACK' is disabled.
2024-02-15 10:17:55 0 [ERROR] Unknown/unsupported storage engine: InnoDB
2024-02-15 10:17:55 0 [ERROR] Aborting
